<?xml version="1.0" encoding="UTF-8"?>
<Site BuildName="(empty)"
	BuildStamp="20251211-2322-Experimental"
	Name="(empty)"
	Generator="ctest-3.25.1"
	CompilerName=""
	CompilerVersion=""
	OSName="Linux"
	Hostname="debian"
	OSRelease="6.1.0-41-amd64"
	OSVersion="#1 SMP PREEMPT_DYNAMIC Debian 6.1.158-1 (2025-11-09)"
	OSPlatform="x86_64"
	Is64Bits="1"
	VendorString="AuthenticAMD"
	VendorID="Advanced Micro Devices"
	FamilyID="25"
	ModelID="33"
	ProcessorCacheSize="512"
	NumberOfLogicalCPU="12"
	NumberOfPhysicalCPU="6"
	TotalVirtualMemory="976"
	TotalPhysicalMemory="15907"
	LogicalProcessorsPerPhysical="2"
	ProcessorClockFrequency="4649.17"
	>
	<Testing>
		<StartDateTime>Dec 11 20:22 -03</StartDateTime>
		<StartTestTime>1765495320</StartTestTime>
		<TestList/>
		<EndDateTime>Dec 11 20:22 -03</EndDateTime>
		<EndTestTime>1765495320</EndTestTime>
		<ElapsedMinutes>0</ElapsedMinutes>
	</Testing>
</Site>
